<?xml version="1.0" encoding="UTF-8"?>
<!-- Generated by org.testng.reporters.JUnitReportReporter -->
<testsuite hostname="DESKTOP-1J02CI5" failures="0" tests="1" name="test.UserLoginTest" time="5.327" errors="0" timestamp="2021-11-12T19:05:42 EET" skipped="0">
  <testcase classname="test.UserLoginTest" name="UserCanLoginSuccssfully" time="5.327"/>
  <system-out/>
</testsuite> <!-- test.UserLoginTest -->
