<?xml version="1.0" encoding="UTF-8"?>
<!-- Generated by org.testng.reporters.JUnitReportReporter -->
<testsuite hostname="DESKTOP-1J02CI5" failures="0" tests="3" name="test.SearchForUserTest" time="7.589" errors="0" timestamp="2021-11-13T10:53:50 EET" skipped="0">
  <testcase classname="test.SearchForUserTest" name="UserCanLoginSuccssfully" time="5.267"/>
  <system-out/>
  <testcase classname="test.SearchForUserTest" name="UserCanNavigateToUsersPage" time="1.298"/>
  <system-out/>
  <testcase classname="test.SearchForUserTest" name="canSearchForAnyUser" time="1.024"/>
  <system-out/>
</testsuite> <!-- test.SearchForUserTest -->
