<?xml version="1.0" encoding="UTF-8"?>
<!-- Generated by org.testng.reporters.JUnitReportReporter -->
<testsuite hostname="DESKTOP-1J02CI5" failures="0" tests="5" name="test.HomeTest" time="11.640" errors="0" timestamp="2021-11-13T19:23:03 EET" skipped="0">
  <testcase classname="test.HomeTest" name="UserCanLoginSuccssfully" time="3.239"/>
  <system-out/>
  <testcase classname="test.HomeTest" name="UserCanNavigateToUsersPage" time="1.728"/>
  <system-out/>
  <testcase classname="test.HomeTest" name="CanAddNewUser" time="1.423"/>
  <system-out/>
  <testcase classname="test.HomeTest" name="canSearchForAnyUser" time="5.082"/>
  <system-out/>
  <testcase classname="test.HomeTest" name="AssertcorrectnessOfData" time="0.168"/>
  <system-out/>
</testsuite> <!-- test.HomeTest -->
